<?xml version="1.0" encoding="UTF-8"?>
<testsuite name="efub.assignment.community.CommunityApplicationTests" tests="1" skipped="0" failures="0" errors="0" timestamp="2025-04-04T12:02:03.636Z" hostname="RIN" time="1.077">
  <properties/>
  <testcase name="contextLoads()" classname="efub.assignment.community.CommunityApplicationTests" time="1.077"/>
  <system-out><![CDATA[21:01:56.482 [Test worker] INFO org.springframework.test.context.support.AnnotationConfigContextLoaderUtils -- Could not detect default configuration classes for test class [efub.assignment.community.CommunityApplicationTests]: CommunityApplicationTests does not declare any static, non-private, non-final, nested classes annotated with @Configuration.
21:01:56.705 [Test worker] INFO org.springframework.boot.test.context.SpringBootTestContextBootstrapper -- Found @SpringBootConfiguration efub.assignment.community.CommunityApplication for test class efub.assignment.community.CommunityApplicationTests

  .   ____          _            __ _ _
 /\\ / ___'_ __ _ _(_)_ __  __ _ \ \ \ \
( ( )\___ | '_ | '_| | '_ \/ _` | \ \ \ \
 \\/  ___)| |_)| | | | | || (_| |  ) ) ) )
  '  |____| .__|_| |_|_| |_\__, | / / / /
 =========|_|==============|___/=/_/_/_/

 :: Spring Boot ::                (v3.4.4)

2025-04-04T21:01:57.675+09:00  INFO 15576 --- [community] [    Test worker] e.a.community.CommunityApplicationTests  : Starting CommunityApplicationTests using Java 17.0.12 with PID 15576 (started by flyri in C:\study\community)
2025-04-04T21:01:57.677+09:00  INFO 15576 --- [community] [    Test worker] e.a.community.CommunityApplicationTests  : No active profile set, falling back to 1 default profile: "default"
2025-04-04T21:01:59.140+09:00  INFO 15576 --- [community] [    Test worker] .s.d.r.c.RepositoryConfigurationDelegate : Bootstrapping Spring Data JPA repositories in DEFAULT mode.
2025-04-04T21:01:59.201+09:00  INFO 15576 --- [community] [    Test worker] .s.d.r.c.RepositoryConfigurationDelegate : Finished Spring Data repository scanning in 33 ms. Found 0 JPA repository interfaces.
2025-04-04T21:02:00.033+09:00  INFO 15576 --- [community] [    Test worker] o.hibernate.jpa.internal.util.LogHelper  : HHH000204: Processing PersistenceUnitInfo [name: default]
2025-04-04T21:02:00.187+09:00  INFO 15576 --- [community] [    Test worker] org.hibernate.Version                    : HHH000412: Hibernate ORM core version 6.6.11.Final
2025-04-04T21:02:00.264+09:00  INFO 15576 --- [community] [    Test worker] o.h.c.internal.RegionFactoryInitiator    : HHH000026: Second-level cache disabled
2025-04-04T21:02:00.964+09:00  INFO 15576 --- [community] [    Test worker] o.s.o.j.p.SpringPersistenceUnitInfo      : No LoadTimeWeaver setup: ignoring JPA class transformer
2025-04-04T21:02:01.089+09:00  INFO 15576 --- [community] [    Test worker] com.zaxxer.hikari.HikariDataSource       : HikariPool-1 - Starting...
2025-04-04T21:02:01.547+09:00  INFO 15576 --- [community] [    Test worker] com.zaxxer.hikari.pool.HikariPool        : HikariPool-1 - Added connection com.mysql.cj.jdbc.ConnectionImpl@69b37f5c
2025-04-04T21:02:01.551+09:00  INFO 15576 --- [community] [    Test worker] com.zaxxer.hikari.HikariDataSource       : HikariPool-1 - Start completed.
2025-04-04T21:02:01.773+09:00  INFO 15576 --- [community] [    Test worker] org.hibernate.orm.connections.pooling    : HHH10001005: Database info:
	Database JDBC URL [Connecting through datasource 'HikariDataSource (HikariPool-1)']
	Database driver: undefined/unknown
	Database version: 8.0.40
	Autocommit mode: undefined/unknown
	Isolation level: undefined/unknown
	Minimum pool size: undefined/unknown
	Maximum pool size: undefined/unknown
2025-04-04T21:02:02.303+09:00  INFO 15576 --- [community] [    Test worker] o.h.e.t.j.p.i.JtaPlatformInitiator       : HHH000489: No JTA platform available (set 'hibernate.transaction.jta.platform' to enable JTA platform integration)
2025-04-04T21:02:02.308+09:00  INFO 15576 --- [community] [    Test worker] j.LocalContainerEntityManagerFactoryBean : Initialized JPA EntityManagerFactory for persistence unit 'default'
2025-04-04T21:02:02.658+09:00  WARN 15576 --- [community] [    Test worker] JpaBaseConfiguration$JpaWebConfiguration : spring.jpa.open-in-view is enabled by default. Therefore, database queries may be performed during view rendering. Explicitly configure spring.jpa.open-in-view to disable this warning
2025-04-04T21:02:03.604+09:00  INFO 15576 --- [community] [    Test worker] e.a.community.CommunityApplicationTests  : Started CommunityApplicationTests in 6.586 seconds (process running for 8.767)
]]></system-out>
  <system-err><![CDATA[]]></system-err>
</testsuite>
